Using pre-set license
Built from '2022.1/staging' branch; Version is '2022.1.18f1 (8a091f9adba4) revision 9046303'; Using compiler version '192829333'; Build Type 'Release'
OS: 'Windows 10  (10.0.19044) 64bit Professional' Language: 'en' Physical Memory: 15591 MB
BatchMode: 1, IsHumanControllingUs: 0, StartBugReporterOnCrash: 0, Is64bit: 1, IsPro: 1

COMMAND LINE ARGUMENTS:
C:\Program Files\Unity\Hub\Editor\2022.1.18f1\Editor\Unity.exe
-adb2
-batchMode
-noUpm
-name
AssetImportWorker3
-projectPath
C:/Users/chris/GameProject/AntWar/BusSim
-logFile
Logs/AssetImportWorker3.log
-srvPort
52313
Successfully changed project path to: C:/Users/chris/GameProject/AntWar/BusSim
C:/Users/chris/GameProject/AntWar/BusSim
[UnityMemory] Configuration Parameters - Can be set up in boot.config
    "memorysetup-bucket-allocator-granularity=16"
    "memorysetup-bucket-allocator-bucket-count=8"
    "memorysetup-bucket-allocator-block-size=33554432"
    "memorysetup-bucket-allocator-block-count=8"
    "memorysetup-main-allocator-block-size=16777216"
    "memorysetup-thread-allocator-block-size=16777216"
    "memorysetup-gfx-main-allocator-block-size=16777216"
    "memorysetup-gfx-thread-allocator-block-size=16777216"
    "memorysetup-cache-allocator-block-size=4194304"
    "memorysetup-typetree-allocator-block-size=2097152"
    "memorysetup-profiler-bucket-allocator-granularity=16"
    "memorysetup-profiler-bucket-allocator-bucket-count=8"
    "memorysetup-profiler-bucket-allocator-block-size=33554432"
    "memorysetup-profiler-bucket-allocator-block-count=8"
    "memorysetup-profiler-allocator-block-size=16777216"
    "memorysetup-profiler-editor-allocator-block-size=1048576"
    "memorysetup-temp-allocator-size-main=16777216"
    "memorysetup-job-temp-allocator-block-size=2097152"
    "memorysetup-job-temp-allocator-block-size-background=1048576"
    "memorysetup-job-temp-allocator-reduction-small-platforms=262144"
    "memorysetup-temp-allocator-size-background-worker=32768"
    "memorysetup-temp-allocator-size-job-worker=262144"
    "memorysetup-temp-allocator-size-preload-manager=33554432"
    "memorysetup-temp-allocator-size-nav-mesh-worker=65536"
    "memorysetup-temp-allocator-size-audio-worker=65536"
    "memorysetup-temp-allocator-size-cloud-worker=32768"
    "memorysetup-temp-allocator-size-gi-baking-worker=262144"
    "memorysetup-temp-allocator-size-gfx=262144"
Refreshing native plugins compatible for Editor in 93.87 ms, found 3 plugins.
Preloading 0 native plugins for Editor in 0.00 ms.
Initialize engine version: 2022.1.18f1 (8a091f9adba4)
[Subsystems] Discovering subsystems at path C:/Program Files/Unity/Hub/Editor/2022.1.18f1/Editor/Data/Resources/UnitySubsystems
[Subsystems] Discovering subsystems at path C:/Users/chris/GameProject/AntWar/BusSim/Assets
GfxDevice: creating device client; threaded=0; jobified=0
Direct3D:
    Version:  Direct3D 11.0 [level 11.1]
    Renderer: AMD Radeon(TM) Graphics (ID=0x1636)
    Vendor:   ATI
    VRAM:     7795 MB
    Driver:   30.0.13040.9001
Initialize mono
Mono path[0] = 'C:/Program Files/Unity/Hub/Editor/2022.1.18f1/Editor/Data/Managed'
Mono path[1] = 'C:/Program Files/Unity/Hub/Editor/2022.1.18f1/Editor/Data/MonoBleedingEdge/lib/mono/unityjit-win32'
Mono config path = 'C:/Program Files/Unity/Hub/Editor/2022.1.18f1/Editor/Data/MonoBleedingEdge/etc'
Using monoOptions --debugger-agent=transport=dt_socket,embedding=1,server=y,suspend=n,address=127.0.0.1:56876
Begin MonoManager ReloadAssembly
Registering precompiled unity dll's ...
Register platform support module: C:/Program Files/Unity/Hub/Editor/2022.1.18f1/Editor/Data/PlaybackEngines/WindowsStandaloneSupport/UnityEditor.WindowsStandalone.Extensions.dll
Registered in 0.009917 seconds.
Native extension for WindowsStandalone target not found
Refreshing native plugins compatible for Editor in 92.06 ms, found 3 plugins.
Preloading 0 native plugins for Editor in 0.00 ms.
Mono: successfully reloaded assembly
- Completed reload, in  1.007 seconds
Domain Reload Profiling:
	ReloadAssembly (1008ms)
		BeginReloadAssembly (133ms)
			ExecutionOrderSort (0ms)
			DisableScriptedObjects (0ms)
			BackupInstance (0ms)
			ReleaseScriptingObjects (0ms)
			CreateAndSetChildDomain (2ms)
		EndReloadAssembly (705ms)
			LoadAssemblies (130ms)
			RebuildTransferFunctionScriptingTraits (0ms)
			SetupTypeCache (182ms)
				TypeCache.Initialize (181ms)
					TypeCache.ScanAssembly (178ms)
				ResolveRequiredComponents (1ms)
			ReleaseScriptCaches (0ms)
			RebuildScriptCaches (47ms)
			SetupLoadedEditorAssemblies (390ms)
				LogAssemblyErrors (0ms)
				InitializePlatformSupportModulesInManaged (11ms)
				SetLoadedEditorAssemblies (11ms)
				RefreshPlugins (92ms)
				BeforeProcessingInitializeOnLoad (2ms)
				ProcessInitializeOnLoadAttributes (205ms)
				ProcessInitializeOnLoadMethodAttributes (68ms)
				AfterProcessingInitializeOnLoad (0ms)
				EditorAssembliesLoaded (0ms)
			ExecutionOrderSort2 (0ms)
			AwakeInstancesAfterBackupRestoration (0ms)
Platform modules already initialized, skipping
Registering precompiled user dll's ...
Registered in 0.008571 seconds.
Begin MonoManager ReloadAssembly
Symbol file LoadedFromMemory doesn't match image C:\Users\chris\GameProject\AntWar\BusSim\Library\PackageCache\com.unity.visualscripting@1.7.8\Editor\VisualScripting.Core\Dependencies\YamlDotNet\Unity.VisualScripting.YamlDotNet.dll
Symbol file LoadedFromMemory doesn't match image C:\Users\chris\GameProject\AntWar\BusSim\Library\PackageCache\com.unity.visualscripting@1.7.8\Editor\VisualScripting.Core\Dependencies\DotNetZip\Unity.VisualScripting.IonicZip.dll
Native extension for WindowsStandalone target not found
Refreshing native plugins compatible for Editor in 1.46 ms, found 3 plugins.
Preloading 0 native plugins for Editor in 0.00 ms.
Mono: successfully reloaded assembly
- Completed reload, in  1.860 seconds
Domain Reload Profiling:
	ReloadAssembly (1862ms)
		BeginReloadAssembly (201ms)
			ExecutionOrderSort (0ms)
			DisableScriptedObjects (7ms)
			BackupInstance (0ms)
			ReleaseScriptingObjects (0ms)
			CreateAndSetChildDomain (40ms)
		EndReloadAssembly (1471ms)
			LoadAssemblies (293ms)
			RebuildTransferFunctionScriptingTraits (0ms)
			SetupTypeCache (427ms)
				TypeCache.Initialize (413ms)
					TypeCache.ScanAssembly (402ms)
				ResolveRequiredComponents (13ms)
			ReleaseScriptCaches (1ms)
			RebuildScriptCaches (108ms)
			SetupLoadedEditorAssemblies (556ms)
				LogAssemblyErrors (0ms)
				InitializePlatformSupportModulesInManaged (10ms)
				SetLoadedEditorAssemblies (9ms)
				RefreshPlugins (2ms)
				BeforeProcessingInitializeOnLoad (130ms)
				ProcessInitializeOnLoadAttributes (344ms)
				ProcessInitializeOnLoadMethodAttributes (48ms)
				AfterProcessingInitializeOnLoad (14ms)
				EditorAssembliesLoaded (0ms)
			ExecutionOrderSort2 (0ms)
			AwakeInstancesAfterBackupRestoration (8ms)
Platform modules already initialized, skipping
========================================================================
Worker process is ready to serve import requests
Launched and connected shader compiler UnityShaderCompiler.exe after 0.09 seconds
Refreshing native plugins compatible for Editor in 1.33 ms, found 3 plugins.
Preloading 0 native plugins for Editor in 0.00 ms.
Unloading 3402 Unused Serialized files (Serialized files now loaded: 0)
Unloading 26 unused Assets / (59.1 KB). Loaded Objects now: 3864.
Memory consumption went from 0.51 GB to 0.51 GB.
Total: 6.771200 ms (FindLiveObjects: 0.975600 ms CreateObjectMapping: 0.147000 ms MarkObjects: 5.303200 ms  DeleteObjects: 0.342700 ms)

AssetImportParameters requested are different than current active one (requested -> active):
  custom:video-decoder-ogg-theora: a1e56fd34408186e4bbccfd4996cb3dc -> 
  custom:container-muxer-webm: aa71ff27fc2769a1b78a27578f13a17b -> 
  custom:container-demuxer-webm: 4f35f7cbe854078d1ac9338744f61a02 -> 
  custom:video-encoder-webm-vp8: eb34c28f22e8b96e1ab97ce403110664 -> 
  custom:audio-encoder-webm-vorbis: bf7c407c2cedff20999df2af8eb42d56 -> 
  custom:framework-win-MediaFoundation: 216162199b28c13a410421893ffa2e32 -> 
  custom:container-demuxer-ogg: 62fdf1f143b41e24485cea50d1cbac27 -> 
  custom:video-decoder-webm-vp8: 9c59270c3fd7afecdb556c50c9e8de78 -> 
  custom:audio-decoder-ogg-vorbis: bf7c407c2cedff20999df2af8eb42d56 -> 
========================================================================
Received Import Request.
  Time since last request: 16664.497754 seconds.
  path: Assets/BrokenVector/LowPolyCarPack/ExampleAssets/Models/Environment.fbx
  artifactKey: Guid(b77dc7d4143e7174ea7b21514826d310) Importer(815301076,1909f56bfc062723c751e8b465ee728b)
Start importing Assets/BrokenVector/LowPolyCarPack/ExampleAssets/Models/Environment.fbx using Guid(b77dc7d4143e7174ea7b21514826d310) Importer(815301076,1909f56bfc062723c751e8b465ee728b)  -> (artifact id: '2c5cd805aa2e09085b05910a94bf4b18') in 0.294963 seconds 
========================================================================
Received Import Request.
  Time since last request: 0.000079 seconds.
  path: Assets/BrokenVector/LowPolyCarPack/ExampleAssets/Models/Materials/bluegreen.mat
  artifactKey: Guid(2f741ca76d5d14241b47bc6e8c2a42c8) Importer(815301076,1909f56bfc062723c751e8b465ee728b)
Start importing Assets/BrokenVector/LowPolyCarPack/ExampleAssets/Models/Materials/bluegreen.mat using Guid(2f741ca76d5d14241b47bc6e8c2a42c8) Importer(815301076,1909f56bfc062723c751e8b465ee728b)  -> (artifact id: 'bdd9967ea64777ecb56b1cee9e6cad42') in 0.049416 seconds 
========================================================================
Received Import Request.
  Time since last request: 255.855177 seconds.
  path: Assets/Urban American Assets/Props/Vehicles B/Traffic B - BigSedan 1.prefab
  artifactKey: Guid(e74fd2289406d214c9e094e2f913deb9) Importer(815301076,1909f56bfc062723c751e8b465ee728b)
Start importing Assets/Urban American Assets/Props/Vehicles B/Traffic B - BigSedan 1.prefab using Guid(e74fd2289406d214c9e094e2f913deb9) Importer(815301076,1909f56bfc062723c751e8b465ee728b)  -> (artifact id: '0f7e2c34a2a14fe12f7513b143e178e7') in 0.200824 seconds 
========================================================================
Received Import Request.
  Time since last request: 0.000043 seconds.
  path: Assets/Urban American Assets/Props/Vehicles B/Traffic B - Taxi 1.prefab
  artifactKey: Guid(83108cda3d32edb4880d9e49bc847c9e) Importer(815301076,1909f56bfc062723c751e8b465ee728b)
Start importing Assets/Urban American Assets/Props/Vehicles B/Traffic B - Taxi 1.prefab using Guid(83108cda3d32edb4880d9e49bc847c9e) Importer(815301076,1909f56bfc062723c751e8b465ee728b)  -> (artifact id: 'c9d3fa937710ebfc827a72904c35301f') in 0.044199 seconds 
========================================================================
Received Import Request.
  Time since last request: 0.000049 seconds.
  path: Assets/Urban American Assets/Props/Vehicles B/Traffic B - OldSedan.prefab
  artifactKey: Guid(4f3b46d22459b2c468546b901f2a489d) Importer(815301076,1909f56bfc062723c751e8b465ee728b)
Start importing Assets/Urban American Assets/Props/Vehicles B/Traffic B - OldSedan.prefab using Guid(4f3b46d22459b2c468546b901f2a489d) Importer(815301076,1909f56bfc062723c751e8b465ee728b)  -> (artifact id: '42f39aa8eb957a5f5c5991f41eb3cb02') in 0.033445 seconds 
========================================================================
Received Import Request.
  Time since last request: 0.000032 seconds.
  path: Assets/Urban American Assets/Props/Vehicles B/Traffic B - OldWagon 2.prefab
  artifactKey: Guid(554fc4683233ce6458730fcb664c091b) Importer(815301076,1909f56bfc062723c751e8b465ee728b)
Start importing Assets/Urban American Assets/Props/Vehicles B/Traffic B - OldWagon 2.prefab using Guid(554fc4683233ce6458730fcb664c091b) Importer(815301076,1909f56bfc062723c751e8b465ee728b)  -> (artifact id: '64ceb3832c3a02acea0837b1ef88ef84') in 0.034775 seconds 
========================================================================
Received Import Request.
  Time since last request: 0.000064 seconds.
  path: Assets/Urban American Assets/Props/Vehicles B/Traffic B - Taxi 4.prefab
  artifactKey: Guid(7cab82116a8696d4fb48acb33b5782ec) Importer(815301076,1909f56bfc062723c751e8b465ee728b)
Start importing Assets/Urban American Assets/Props/Vehicles B/Traffic B - Taxi 4.prefab using Guid(7cab82116a8696d4fb48acb33b5782ec) Importer(815301076,1909f56bfc062723c751e8b465ee728b)  -> (artifact id: 'ab38c4a505faa6f17be6475356a4ce98') in 0.043719 seconds 
========================================================================
Received Import Request.
  Time since last request: 0.000035 seconds.
  path: Assets/Urban American Assets/Props/Vehicles B/Traffic B - OldSedan 4.prefab
  artifactKey: Guid(4f190f3c667e18740967f7785eaabab6) Importer(815301076,1909f56bfc062723c751e8b465ee728b)
Start importing Assets/Urban American Assets/Props/Vehicles B/Traffic B - OldSedan 4.prefab using Guid(4f190f3c667e18740967f7785eaabab6) Importer(815301076,1909f56bfc062723c751e8b465ee728b)  -> (artifact id: 'fc0959ce6fb186a05cd542814eff4e7f') in 0.037972 seconds 
========================================================================
Received Import Request.
  Time since last request: 0.000044 seconds.
  path: Assets/Urban American Assets/Props/Vehicles B/Traffic B - OldSedan 6.prefab
  artifactKey: Guid(c5df3265d7b55f44bb3bdbf0c942e6ed) Importer(815301076,1909f56bfc062723c751e8b465ee728b)
Start importing Assets/Urban American Assets/Props/Vehicles B/Traffic B - OldSedan 6.prefab using Guid(c5df3265d7b55f44bb3bdbf0c942e6ed) Importer(815301076,1909f56bfc062723c751e8b465ee728b)  -> (artifact id: 'f5756cd93467df3c4e6cf28685942dd8') in 0.036308 seconds 
========================================================================
Received Import Request.
  Time since last request: 0.000078 seconds.
  path: Assets/Urban American Assets/Props/Vehicles B/Traffic B - OldWagon 3.prefab
  artifactKey: Guid(bb1b39381246d6540b408974d9159e6a) Importer(815301076,1909f56bfc062723c751e8b465ee728b)
Start importing Assets/Urban American Assets/Props/Vehicles B/Traffic B - OldWagon 3.prefab using Guid(bb1b39381246d6540b408974d9159e6a) Importer(815301076,1909f56bfc062723c751e8b465ee728b)  -> (artifact id: '9c0762153bc9c490d02b947ec4950be2') in 0.037387 seconds 
========================================================================
Received Import Request.
  Time since last request: 0.000066 seconds.
  path: Assets/Urban American Assets/Props/Vehicles B/Traffic B - OldWagon 5.prefab
  artifactKey: Guid(a8d7b2e9fb1e4f943b088dfbc8b9ef6f) Importer(815301076,1909f56bfc062723c751e8b465ee728b)
Start importing Assets/Urban American Assets/Props/Vehicles B/Traffic B - OldWagon 5.prefab using Guid(a8d7b2e9fb1e4f943b088dfbc8b9ef6f) Importer(815301076,1909f56bfc062723c751e8b465ee728b)  -> (artifact id: 'de50ce34247d47820ad1badd141d8b84') in 0.037296 seconds 
========================================================================
Received Import Request.
  Time since last request: 0.000055 seconds.
  path: Assets/Urban American Assets/Props/Vehicles B/Traffic B - Taxi 3.prefab
  artifactKey: Guid(1c1554d784ee185448c6c3699c5248ad) Importer(815301076,1909f56bfc062723c751e8b465ee728b)
Start importing Assets/Urban American Assets/Props/Vehicles B/Traffic B - Taxi 3.prefab using Guid(1c1554d784ee185448c6c3699c5248ad) Importer(815301076,1909f56bfc062723c751e8b465ee728b)  -> (artifact id: '8db6352ba3ed5366143a892cdd10d76c') in 0.038166 seconds 
========================================================================
Received Import Request.
  Time since last request: 0.000083 seconds.
  path: Assets/Urban American Assets/Props/Vehicles B/Traffic B - OldWagon 4.prefab
  artifactKey: Guid(5eccbabcc6e9a6843bd3bcf7ca85706d) Importer(815301076,1909f56bfc062723c751e8b465ee728b)
Start importing Assets/Urban American Assets/Props/Vehicles B/Traffic B - OldWagon 4.prefab using Guid(5eccbabcc6e9a6843bd3bcf7ca85706d) Importer(815301076,1909f56bfc062723c751e8b465ee728b)  -> (artifact id: 'c00d250378cca2c8576446dc32a2783a') in 0.040802 seconds 
========================================================================
Received Import Request.
  Time since last request: 0.000034 seconds.
  path: Assets/Urban American Assets/Props/Vehicles B/Traffic B - OldSedan 1.prefab
  artifactKey: Guid(de0664e8af3cc80458f4f1153565b524) Importer(815301076,1909f56bfc062723c751e8b465ee728b)
Start importing Assets/Urban American Assets/Props/Vehicles B/Traffic B - OldSedan 1.prefab using Guid(de0664e8af3cc80458f4f1153565b524) Importer(815301076,1909f56bfc062723c751e8b465ee728b)  -> (artifact id: '6b9fd9c7fd9f86e46cfee4888342ed26') in 0.055875 seconds 
========================================================================
Received Import Request.
  Time since last request: 0.000165 seconds.
  path: Assets/Urban American Assets/Props/Vehicles B/Traffic B - OldSedan 5.prefab
  artifactKey: Guid(e3aa5097556f0d34f8b9f07a0146fca7) Importer(815301076,1909f56bfc062723c751e8b465ee728b)
Start importing Assets/Urban American Assets/Props/Vehicles B/Traffic B - OldSedan 5.prefab using Guid(e3aa5097556f0d34f8b9f07a0146fca7) Importer(815301076,1909f56bfc062723c751e8b465ee728b)  -> (artifact id: 'c11798b1cca2552d8128913344f1d8b1') in 0.040614 seconds 
========================================================================
Received Import Request.
  Time since last request: 0.000090 seconds.
  path: Assets/Urban American Assets/Props/Vehicles B/Traffic B - MidSedan 3.prefab
  artifactKey: Guid(382faf0957e39bf41b73549cd6fc2e8e) Importer(815301076,1909f56bfc062723c751e8b465ee728b)
Start importing Assets/Urban American Assets/Props/Vehicles B/Traffic B - MidSedan 3.prefab using Guid(382faf0957e39bf41b73549cd6fc2e8e) Importer(815301076,1909f56bfc062723c751e8b465ee728b)  -> (artifact id: 'a421a6bb866d10c05a360134b2e507dc') in 0.035587 seconds 
========================================================================
Received Import Request.
  Time since last request: 0.000065 seconds.
  path: Assets/Urban American Assets/Props/Vehicles B/Traffic B - MidSedan 4.prefab
  artifactKey: Guid(540a37f296791904c987c7ffb747ae2d) Importer(815301076,1909f56bfc062723c751e8b465ee728b)
Start importing Assets/Urban American Assets/Props/Vehicles B/Traffic B - MidSedan 4.prefab using Guid(540a37f296791904c987c7ffb747ae2d) Importer(815301076,1909f56bfc062723c751e8b465ee728b)  -> (artifact id: '5eb7cf25a568ccdad2c0669bd05d587b') in 0.051741 seconds 
========================================================================
Received Import Request.
  Time since last request: 5.774704 seconds.
  path: Assets/Urban American Assets/Props/Vehicles/Car2.prefab
  artifactKey: Guid(c636709dfd7fe1f438f063a9d74e44b1) Importer(815301076,1909f56bfc062723c751e8b465ee728b)
Start importing Assets/Urban American Assets/Props/Vehicles/Car2.prefab using Guid(c636709dfd7fe1f438f063a9d74e44b1) Importer(815301076,1909f56bfc062723c751e8b465ee728b)  -> (artifact id: 'f8bf3c9e9e83469a11c46218abaadbc8') in 0.126714 seconds 
========================================================================
Received Import Request.
  Time since last request: 0.000055 seconds.
  path: Assets/Urban American Assets/Props/Vehicles/Suv.prefab
  artifactKey: Guid(49ddca32621bf7d4cb7d2351bdfae676) Importer(815301076,1909f56bfc062723c751e8b465ee728b)
Start importing Assets/Urban American Assets/Props/Vehicles/Suv.prefab using Guid(49ddca32621bf7d4cb7d2351bdfae676) Importer(815301076,1909f56bfc062723c751e8b465ee728b)  -> (artifact id: '78bf6480a8b10168d232925fcae73c0f') in 0.045988 seconds 
========================================================================
Received Import Request.
  Time since last request: 0.000153 seconds.
  path: Assets/Urban American Assets/Props/Vehicles/Wagon.prefab
  artifactKey: Guid(4af1320c0a6a7c247927f3b1b0e1f0be) Importer(815301076,1909f56bfc062723c751e8b465ee728b)
Start importing Assets/Urban American Assets/Props/Vehicles/Wagon.prefab using Guid(4af1320c0a6a7c247927f3b1b0e1f0be) Importer(815301076,1909f56bfc062723c751e8b465ee728b)  -> (artifact id: '8c34b00370b8f968216048bd83f46f07') in 0.045298 seconds 
Editor requested this worker to shutdown with reason: Scaling down because of idle timeout
AssetImportWorker is now disconnected from the server
Process exiting
Exiting without the bug reporter. Application will terminate with return code 0